2026-05-08 04:11:35,066 - aqt.main - INFO - installer 3716 aqtinstall(aqt) v3.3.0 on Python 3.12.10 [CPython MSC v.1943 64 bit (AMD64)]
2026-05-08 04:11:35,067 - aqt.helper - DEBUG - helper 3716 Attempt to download checksum at https://download.qt.io/online/qtsdkrepository/windows_x86/desktop/qt6_683/qt6_683/Updates.xml.sha256
2026-05-08 04:11:37,647 - aqt.helper - DEBUG - helper 3716 Attempt to download checksum at https://download.qt.io/online/qtsdkrepository/windows_x86/extensions/qtwebengine/683/msvc2022_64/Updates.xml.sha256
2026-05-08 04:11:39,944 - aqt.archives - INFO - archives 3716 Found extension qtwebengine
2026-05-08 04:11:39,983 - aqt.helper - DEBUG - helper 3716 Attempt to download checksum at https://download.qt.io/online/qtsdkrepository/windows_x86/extensions/qtpdf/683/msvc2022_64/Updates.xml.sha256
2026-05-08 04:11:42,219 - aqt.archives - INFO - archives 3716 Found extension qtpdf
2026-05-08 04:11:43,205 - aqt.helper - DEBUG - helper 9100 Attempt to download checksum at https://download.qt.io/online/qtsdkrepository/windows_x86/desktop/qt6_683/qt6_683/qt.qt6.683.win64_msvc2022_64/6.8.3-0-202503201308qtbase-Windows-Windows_11_23H2-MSVC2022-Windows-Windows_11_23H2-X86_64.7z.sha256
2026-05-08 04:11:43,218 - aqt.helper - DEBUG - helper 25460 Attempt to download checksum at https://download.qt.io/online/qtsdkrepository/windows_x86/desktop/qt6_683/qt6_683/qt.qt6.683.win64_msvc2022_64/6.8.3-0-202503201308qtsvg-Windows-Windows_11_23H2-MSVC2022-Windows-Windows_11_23H2-X86_64.7z.sha256
2026-05-08 04:11:43,220 - aqt.helper - DEBUG - helper 22224 Attempt to download checksum at https://download.qt.io/online/qtsdkrepository/windows_x86/desktop/qt6_683/qt6_683/qt.qt6.683.win64_msvc2022_64/6.8.3-0-202503201308qtdeclarative-Windows-Windows_11_23H2-MSVC2022-Windows-Windows_11_23H2-X86_64.7z.sha256
2026-05-08 04:11:43,254 - aqt.helper - DEBUG - helper 12140 Attempt to download checksum at https://download.qt.io/online/qtsdkrepository/windows_x86/desktop/qt6_683/qt6_683/qt.qt6.683.win64_msvc2022_64/6.8.3-0-202503201308qttools-Windows-Windows_11_23H2-MSVC2022-Windows-Windows_11_23H2-X86_64.7z.sha256
2026-05-08 04:11:44,744 - aqt.helper - INFO - helper 22224 Downloading qtdeclarative...
2026-05-08 04:11:44,744 - aqt.installer - DEBUG - installer 22224 Download URL: https://download.qt.io/online/qtsdkrepository/windows_x86/desktop/qt6_683/qt6_683/qt.qt6.683.win64_msvc2022_64/6.8.3-0-202503201308qtdeclarative-Windows-Windows_11_23H2-MSVC2022-Windows-Windows_11_23H2-X86_64.7z
2026-05-08 04:11:44,748 - aqt.helper - INFO - helper 25460 Downloading qtsvg...
2026-05-08 04:11:44,748 - aqt.installer - DEBUG - installer 25460 Download URL: https://download.qt.io/online/qtsdkrepository/windows_x86/desktop/qt6_683/qt6_683/qt.qt6.683.win64_msvc2022_64/6.8.3-0-202503201308qtsvg-Windows-Windows_11_23H2-MSVC2022-Windows-Windows_11_23H2-X86_64.7z
2026-05-08 04:11:44,748 - aqt.helper - INFO - helper 9100 Downloading qtbase...
2026-05-08 04:11:44,748 - aqt.installer - DEBUG - installer 9100 Download URL: https://download.qt.io/online/qtsdkrepository/windows_x86/desktop/qt6_683/qt6_683/qt.qt6.683.win64_msvc2022_64/6.8.3-0-202503201308qtbase-Windows-Windows_11_23H2-MSVC2022-Windows-Windows_11_23H2-X86_64.7z
2026-05-08 04:11:44,773 - aqt.helper - INFO - helper 12140 Downloading qttools...
2026-05-08 04:11:44,773 - aqt.installer - DEBUG - installer 12140 Download URL: https://download.qt.io/online/qtsdkrepository/windows_x86/desktop/qt6_683/qt6_683/qt.qt6.683.win64_msvc2022_64/6.8.3-0-202503201308qttools-Windows-Windows_11_23H2-MSVC2022-Windows-Windows_11_23H2-X86_64.7z
2026-05-08 04:11:46,426 - aqt.helper - DEBUG - helper 12140 Asked to redirect(302) to: https://mirror.maeen.sa/qtproject/online/qtsdkrepository/windows_x86/desktop/qt6_683/qt6_683/qt.qt6.683.win64_msvc2022_64/6.8.3-0-202503201308qttools-Windows-Windows_11_23H2-MSVC2022-Windows-Windows_11_23H2-X86_64.7z
2026-05-08 04:11:46,426 - aqt.helper - DEBUG - helper 25460 Asked to redirect(302) to: https://mirror.maeen.sa/qtproject/online/qtsdkrepository/windows_x86/desktop/qt6_683/qt6_683/qt.qt6.683.win64_msvc2022_64/6.8.3-0-202503201308qtsvg-Windows-Windows_11_23H2-MSVC2022-Windows-Windows_11_23H2-X86_64.7z
2026-05-08 04:11:46,426 - aqt.helper - INFO - helper 12140 Redirected: mirror.maeen.sa
2026-05-08 04:11:46,426 - aqt.helper - INFO - helper 25460 Redirected: mirror.maeen.sa
2026-05-08 04:11:46,428 - aqt.helper - DEBUG - helper 22224 Asked to redirect(302) to: https://mirror.maeen.sa/qtproject/online/qtsdkrepository/windows_x86/desktop/qt6_683/qt6_683/qt.qt6.683.win64_msvc2022_64/6.8.3-0-202503201308qtdeclarative-Windows-Windows_11_23H2-MSVC2022-Windows-Windows_11_23H2-X86_64.7z
2026-05-08 04:11:46,428 - aqt.helper - INFO - helper 22224 Redirected: mirror.maeen.sa
2026-05-08 04:11:46,436 - aqt.helper - DEBUG - helper 9100 Asked to redirect(302) to: https://mirror.maeen.sa/qtproject/online/qtsdkrepository/windows_x86/desktop/qt6_683/qt6_683/qt.qt6.683.win64_msvc2022_64/6.8.3-0-202503201308qtbase-Windows-Windows_11_23H2-MSVC2022-Windows-Windows_11_23H2-X86_64.7z
2026-05-08 04:11:46,436 - aqt.helper - INFO - helper 9100 Redirected: mirror.maeen.sa
2026-05-08 04:11:55,117 - aqt.installer - INFO - installer 25460 Finished installation of qtsvg-Windows-Windows_11_23H2-MSVC2022-Windows-Windows_11_23H2-X86_64.7z in 11.90535520
2026-05-08 04:11:55,133 - aqt.helper - DEBUG - helper 25460 Attempt to download checksum at https://download.qt.io/online/qtsdkrepository/windows_x86/desktop/qt6_683/qt6_683/qt.qt6.683.win64_msvc2022_64/6.8.3-0-202503201308qttranslations-Windows-Windows_11_23H2-MSVC2022-Windows-Windows_11_23H2-X86_64.7z.sha256
2026-05-08 04:11:56,100 - aqt.helper - INFO - helper 25460 Downloading qttranslations...
2026-05-08 04:11:56,100 - aqt.installer - DEBUG - installer 25460 Download URL: https://download.qt.io/online/qtsdkrepository/windows_x86/desktop/qt6_683/qt6_683/qt.qt6.683.win64_msvc2022_64/6.8.3-0-202503201308qttranslations-Windows-Windows_11_23H2-MSVC2022-Windows-Windows_11_23H2-X86_64.7z
2026-05-08 04:11:58,293 - aqt.helper - DEBUG - helper 25460 Asked to redirect(302) to: https://mirror.maeen.sa/qtproject/online/qtsdkrepository/windows_x86/desktop/qt6_683/qt6_683/qt.qt6.683.win64_msvc2022_64/6.8.3-0-202503201308qttranslations-Windows-Windows_11_23H2-MSVC2022-Windows-Windows_11_23H2-X86_64.7z
2026-05-08 04:11:58,293 - aqt.helper - INFO - helper 25460 Redirected: mirror.maeen.sa
2026-05-08 04:12:01,106 - aqt.installer - INFO - installer 25460 Finished installation of qttranslations-Windows-Windows_11_23H2-MSVC2022-Windows-Windows_11_23H2-X86_64.7z in 5.97786820
2026-05-08 04:12:01,121 - aqt.helper - DEBUG - helper 25460 Attempt to download checksum at https://download.qt.io/online/qtsdkrepository/windows_x86/desktop/qt6_683/qt6_683/qt.qt6.683.win64_msvc2022_64/6.8.3-0-202503201308d3dcompiler_47-x64.7z.sha256
2026-05-08 04:12:02,060 - aqt.helper - INFO - helper 25460 Downloading d3dcompiler_47...
2026-05-08 04:12:02,060 - aqt.installer - DEBUG - installer 25460 Download URL: https://download.qt.io/online/qtsdkrepository/windows_x86/desktop/qt6_683/qt6_683/qt.qt6.683.win64_msvc2022_64/6.8.3-0-202503201308d3dcompiler_47-x64.7z
2026-05-08 04:12:03,020 - aqt.helper - DEBUG - helper 25460 Asked to redirect(302) to: https://mirror.maeen.sa/qtproject/online/qtsdkrepository/windows_x86/desktop/qt6_683/qt6_683/qt.qt6.683.win64_msvc2022_64/6.8.3-0-202503201308d3dcompiler_47-x64.7z
2026-05-08 04:12:03,020 - aqt.helper - INFO - helper 25460 Redirected: mirror.maeen.sa
2026-05-08 04:12:07,099 - aqt.installer - INFO - installer 25460 Finished installation of d3dcompiler_47-x64.7z in 5.98121960
2026-05-08 04:12:07,115 - aqt.helper - DEBUG - helper 25460 Attempt to download checksum at https://download.qt.io/online/qtsdkrepository/windows_x86/desktop/qt6_683/qt6_683/qt.qt6.683.win64_msvc2022_64/6.8.3-0-202503201308opengl32sw-64-mesa_11_2_2-signed_sha256.7z.sha256
2026-05-08 04:12:08,073 - aqt.helper - INFO - helper 25460 Downloading opengl32sw...
2026-05-08 04:12:08,073 - aqt.installer - DEBUG - installer 25460 Download URL: https://download.qt.io/online/qtsdkrepository/windows_x86/desktop/qt6_683/qt6_683/qt.qt6.683.win64_msvc2022_64/6.8.3-0-202503201308opengl32sw-64-mesa_11_2_2-signed_sha256.7z
2026-05-08 04:12:09,182 - aqt.helper - DEBUG - helper 25460 Asked to redirect(302) to: https://mirror.maeen.sa/qtproject/online/qtsdkrepository/windows_x86/desktop/qt6_683/qt6_683/qt.qt6.683.win64_msvc2022_64/6.8.3-0-202503201308opengl32sw-64-mesa_11_2_2-signed_sha256.7z
2026-05-08 04:12:09,182 - aqt.helper - INFO - helper 25460 Redirected: mirror.maeen.sa
2026-05-08 04:12:13,020 - aqt.installer - INFO - installer 25460 Finished installation of opengl32sw-64-mesa_11_2_2-signed_sha256.7z in 5.91005630
2026-05-08 04:12:14,407 - aqt.installer - INFO - installer 9100 Finished installation of qtbase-Windows-Windows_11_23H2-MSVC2022-Windows-Windows_11_23H2-X86_64.7z in 31.20826260
2026-05-08 04:13:24,053 - aqt.installer - INFO - installer 12140 Finished installation of qttools-Windows-Windows_11_23H2-MSVC2022-Windows-Windows_11_23H2-X86_64.7z in 100.80384750
2026-05-08 04:19:17,075 - aqt.installer - INFO - installer 22224 Finished installation of qtdeclarative-Windows-Windows_11_23H2-MSVC2022-Windows-Windows_11_23H2-X86_64.7z in 453.86197870
2026-05-08 04:19:17,559 - aqt.updater - INFO - updater 3716 Patching C:\Qt\6.8.3\msvc2022_64\bin\qmake.exe
2026-05-08 04:19:17,566 - aqt.updater - INFO - updater 3716 Patching C:\Qt\6.8.3\msvc2022_64\lib\Qt6Concurrent.prl
2026-05-08 04:19:17,568 - aqt.updater - INFO - updater 3716 Patching C:\Qt\6.8.3\msvc2022_64\lib\Qt6Concurrentd.prl
2026-05-08 04:19:17,569 - aqt.updater - INFO - updater 3716 Patching C:\Qt\6.8.3\msvc2022_64\lib\Qt6Core.prl
2026-05-08 04:19:17,570 - aqt.updater - INFO - updater 3716 Patching C:\Qt\6.8.3\msvc2022_64\lib\Qt6Cored.prl
2026-05-08 04:19:17,570 - aqt.updater - INFO - updater 3716 Patching C:\Qt\6.8.3\msvc2022_64\lib\Qt6DBus.prl
2026-05-08 04:19:17,570 - aqt.updater - INFO - updater 3716 Patching C:\Qt\6.8.3\msvc2022_64\lib\Qt6DBusd.prl
2026-05-08 04:19:17,573 - aqt.updater - INFO - updater 3716 Patching C:\Qt\6.8.3\msvc2022_64\lib\Qt6Designer.prl
2026-05-08 04:19:17,573 - aqt.updater - INFO - updater 3716 Patching C:\Qt\6.8.3\msvc2022_64\lib\Qt6DesignerComponents.prl
2026-05-08 04:19:17,573 - aqt.updater - INFO - updater 3716 Patching C:\Qt\6.8.3\msvc2022_64\lib\Qt6DesignerComponentsd.prl
2026-05-08 04:19:17,576 - aqt.updater - INFO - updater 3716 Patching C:\Qt\6.8.3\msvc2022_64\lib\Qt6Designerd.prl
2026-05-08 04:19:17,577 - aqt.updater - INFO - updater 3716 Patching C:\Qt\6.8.3\msvc2022_64\lib\Qt6DeviceDiscoverySupport.prl
2026-05-08 04:19:17,579 - aqt.updater - INFO - updater 3716 Patching C:\Qt\6.8.3\msvc2022_64\lib\Qt6DeviceDiscoverySupportd.prl
2026-05-08 04:19:17,580 - aqt.updater - INFO - updater 3716 Patching C:\Qt\6.8.3\msvc2022_64\lib\Qt6EntryPoint.prl
2026-05-08 04:19:17,581 - aqt.updater - INFO - updater 3716 Patching C:\Qt\6.8.3\msvc2022_64\lib\Qt6EntryPointd.prl
2026-05-08 04:19:17,583 - aqt.updater - INFO - updater 3716 Patching C:\Qt\6.8.3\msvc2022_64\lib\Qt6ExampleIcons.prl
2026-05-08 04:19:17,584 - aqt.updater - INFO - updater 3716 Patching C:\Qt\6.8.3\msvc2022_64\lib\Qt6ExampleIconsd.prl
2026-05-08 04:19:17,585 - aqt.updater - INFO - updater 3716 Patching C:\Qt\6.8.3\msvc2022_64\lib\Qt6ExamplesAssetDownloader.prl
2026-05-08 04:19:17,585 - aqt.updater - INFO - updater 3716 Patching C:\Qt\6.8.3\msvc2022_64\lib\Qt6ExamplesAssetDownloaderd.prl
2026-05-08 04:19:17,587 - aqt.updater - INFO - updater 3716 Patching C:\Qt\6.8.3\msvc2022_64\lib\Qt6FbSupport.prl
2026-05-08 04:19:17,588 - aqt.updater - INFO - updater 3716 Patching C:\Qt\6.8.3\msvc2022_64\lib\Qt6FbSupportd.prl
2026-05-08 04:19:17,589 - aqt.updater - INFO - updater 3716 Patching C:\Qt\6.8.3\msvc2022_64\lib\Qt6Gui.prl
2026-05-08 04:19:17,590 - aqt.updater - INFO - updater 3716 Patching C:\Qt\6.8.3\msvc2022_64\lib\Qt6Guid.prl
2026-05-08 04:19:17,591 - aqt.updater - INFO - updater 3716 Patching C:\Qt\6.8.3\msvc2022_64\lib\Qt6Help.prl
2026-05-08 04:19:17,591 - aqt.updater - INFO - updater 3716 Patching C:\Qt\6.8.3\msvc2022_64\lib\Qt6Helpd.prl
2026-05-08 04:19:17,593 - aqt.updater - INFO - updater 3716 Patching C:\Qt\6.8.3\msvc2022_64\lib\Qt6LabsAnimation.prl
2026-05-08 04:19:17,594 - aqt.updater - INFO - updater 3716 Patching C:\Qt\6.8.3\msvc2022_64\lib\Qt6LabsAnimationd.prl
2026-05-08 04:19:17,595 - aqt.updater - INFO - updater 3716 Patching C:\Qt\6.8.3\msvc2022_64\lib\Qt6LabsFolderListModel.prl
2026-05-08 04:19:17,595 - aqt.updater - INFO - updater 3716 Patching C:\Qt\6.8.3\msvc2022_64\lib\Qt6LabsFolderListModeld.prl
2026-05-08 04:19:17,595 - aqt.updater - INFO - updater 3716 Patching C:\Qt\6.8.3\msvc2022_64\lib\Qt6LabsPlatform.prl
2026-05-08 04:19:17,598 - aqt.updater - INFO - updater 3716 Patching C:\Qt\6.8.3\msvc2022_64\lib\Qt6LabsPlatformd.prl
2026-05-08 04:19:17,598 - aqt.updater - INFO - updater 3716 Patching C:\Qt\6.8.3\msvc2022_64\lib\Qt6LabsQmlModels.prl
2026-05-08 04:19:17,600 - aqt.updater - INFO - updater 3716 Patching C:\Qt\6.8.3\msvc2022_64\lib\Qt6LabsQmlModelsd.prl
2026-05-08 04:19:17,602 - aqt.updater - INFO - updater 3716 Patching C:\Qt\6.8.3\msvc2022_64\lib\Qt6LabsSettings.prl
2026-05-08 04:19:17,602 - aqt.updater - INFO - updater 3716 Patching C:\Qt\6.8.3\msvc2022_64\lib\Qt6LabsSettingsd.prl
2026-05-08 04:19:17,602 - aqt.updater - INFO - updater 3716 Patching C:\Qt\6.8.3\msvc2022_64\lib\Qt6LabsSharedImage.prl
2026-05-08 04:19:17,602 - aqt.updater - INFO - updater 3716 Patching C:\Qt\6.8.3\msvc2022_64\lib\Qt6LabsSharedImaged.prl
2026-05-08 04:19:17,606 - aqt.updater - INFO - updater 3716 Patching C:\Qt\6.8.3\msvc2022_64\lib\Qt6LabsWavefrontMesh.prl
2026-05-08 04:19:17,606 - aqt.updater - INFO - updater 3716 Patching C:\Qt\6.8.3\msvc2022_64\lib\Qt6LabsWavefrontMeshd.prl
2026-05-08 04:19:17,679 - aqt.updater - INFO - updater 3716 Patching C:\Qt\6.8.3\msvc2022_64\lib\Qt6Network.prl
2026-05-08 04:19:17,679 - aqt.updater - INFO - updater 3716 Patching C:\Qt\6.8.3\msvc2022_64\lib\Qt6Networkd.prl
2026-05-08 04:19:17,683 - aqt.updater - INFO - updater 3716 Patching C:\Qt\6.8.3\msvc2022_64\lib\Qt6OpenGL.prl
2026-05-08 04:19:17,683 - aqt.updater - INFO - updater 3716 Patching C:\Qt\6.8.3\msvc2022_64\lib\Qt6OpenGLd.prl
2026-05-08 04:19:17,683 - aqt.updater - INFO - updater 3716 Patching C:\Qt\6.8.3\msvc2022_64\lib\Qt6OpenGLWidgets.prl
2026-05-08 04:19:17,683 - aqt.updater - INFO - updater 3716 Patching C:\Qt\6.8.3\msvc2022_64\lib\Qt6OpenGLWidgetsd.prl
2026-05-08 04:19:17,683 - aqt.updater - INFO - updater 3716 Patching C:\Qt\6.8.3\msvc2022_64\lib\Qt6PacketProtocol.prl
2026-05-08 04:19:17,767 - aqt.updater - INFO - updater 3716 Patching C:\Qt\6.8.3\msvc2022_64\lib\Qt6PacketProtocold.prl
2026-05-08 04:19:17,775 - aqt.updater - INFO - updater 3716 Patching C:\Qt\6.8.3\msvc2022_64\lib\Qt6PrintSupport.prl
2026-05-08 04:19:17,780 - aqt.updater - INFO - updater 3716 Patching C:\Qt\6.8.3\msvc2022_64\lib\Qt6PrintSupportd.prl
2026-05-08 04:19:17,783 - aqt.updater - INFO - updater 3716 Patching C:\Qt\6.8.3\msvc2022_64\lib\Qt6Qml.prl
2026-05-08 04:19:17,783 - aqt.updater - INFO - updater 3716 Patching C:\Qt\6.8.3\msvc2022_64\lib\Qt6QmlAssetDownloader.prl
2026-05-08 04:19:17,783 - aqt.updater - INFO - updater 3716 Patching C:\Qt\6.8.3\msvc2022_64\lib\Qt6QmlAssetDownloaderd.prl
2026-05-08 04:19:17,783 - aqt.updater - INFO - updater 3716 Patching C:\Qt\6.8.3\msvc2022_64\lib\Qt6QmlCompiler.prl
2026-05-08 04:19:17,791 - aqt.updater - INFO - updater 3716 Patching C:\Qt\6.8.3\msvc2022_64\lib\Qt6QmlCompilerd.prl
2026-05-08 04:19:17,792 - aqt.updater - INFO - updater 3716 Patching C:\Qt\6.8.3\msvc2022_64\lib\Qt6QmlCore.prl
2026-05-08 04:19:17,794 - aqt.updater - INFO - updater 3716 Patching C:\Qt\6.8.3\msvc2022_64\lib\Qt6QmlCored.prl
2026-05-08 04:19:17,794 - aqt.updater - INFO - updater 3716 Patching C:\Qt\6.8.3\msvc2022_64\lib\Qt6Qmld.prl
2026-05-08 04:19:17,796 - aqt.updater - INFO - updater 3716 Patching C:\Qt\6.8.3\msvc2022_64\lib\Qt6QmlDebug.prl
2026-05-08 04:19:17,796 - aqt.updater - INFO - updater 3716 Patching C:\Qt\6.8.3\msvc2022_64\lib\Qt6QmlDebugd.prl
2026-05-08 04:19:17,796 - aqt.updater - INFO - updater 3716 Patching C:\Qt\6.8.3\msvc2022_64\lib\Qt6QmlDom.prl
2026-05-08 04:19:17,800 - aqt.updater - INFO - updater 3716 Patching C:\Qt\6.8.3\msvc2022_64\lib\Qt6QmlDomd.prl
2026-05-08 04:19:17,801 - aqt.updater - INFO - updater 3716 Patching C:\Qt\6.8.3\msvc2022_64\lib\Qt6QmlLocalStorage.prl
2026-05-08 04:19:17,801 - aqt.updater - INFO - updater 3716 Patching C:\Qt\6.8.3\msvc2022_64\lib\Qt6QmlLocalStoraged.prl
2026-05-08 04:19:17,801 - aqt.updater - INFO - updater 3716 Patching C:\Qt\6.8.3\msvc2022_64\lib\Qt6QmlLS.prl
2026-05-08 04:19:17,801 - aqt.updater - INFO - updater 3716 Patching C:\Qt\6.8.3\msvc2022_64\lib\Qt6QmlLSd.prl
2026-05-08 04:19:17,801 - aqt.updater - INFO - updater 3716 Patching C:\Qt\6.8.3\msvc2022_64\lib\Qt6QmlMeta.prl
2026-05-08 04:19:17,808 - aqt.updater - INFO - updater 3716 Patching C:\Qt\6.8.3\msvc2022_64\lib\Qt6QmlMetad.prl
2026-05-08 04:19:17,808 - aqt.updater - INFO - updater 3716 Patching C:\Qt\6.8.3\msvc2022_64\lib\Qt6QmlModels.prl
2026-05-08 04:19:17,808 - aqt.updater - INFO - updater 3716 Patching C:\Qt\6.8.3\msvc2022_64\lib\Qt6QmlModelsd.prl
2026-05-08 04:19:17,808 - aqt.updater - INFO - updater 3716 Patching C:\Qt\6.8.3\msvc2022_64\lib\Qt6QmlNetwork.prl
2026-05-08 04:19:17,808 - aqt.updater - INFO - updater 3716 Patching C:\Qt\6.8.3\msvc2022_64\lib\Qt6QmlNetworkd.prl
2026-05-08 04:19:17,813 - aqt.updater - INFO - updater 3716 Patching C:\Qt\6.8.3\msvc2022_64\lib\Qt6QmlToolingSettings.prl
2026-05-08 04:19:17,813 - aqt.updater - INFO - updater 3716 Patching C:\Qt\6.8.3\msvc2022_64\lib\Qt6QmlToolingSettingsd.prl
2026-05-08 04:19:17,813 - aqt.updater - INFO - updater 3716 Patching C:\Qt\6.8.3\msvc2022_64\lib\Qt6QmlTypeRegistrar.prl
2026-05-08 04:19:17,816 - aqt.updater - INFO - updater 3716 Patching C:\Qt\6.8.3\msvc2022_64\lib\Qt6QmlTypeRegistrard.prl
2026-05-08 04:19:17,816 - aqt.updater - INFO - updater 3716 Patching C:\Qt\6.8.3\msvc2022_64\lib\Qt6QmlWorkerScript.prl
2026-05-08 04:19:17,818 - aqt.updater - INFO - updater 3716 Patching C:\Qt\6.8.3\msvc2022_64\lib\Qt6QmlWorkerScriptd.prl
2026-05-08 04:19:17,818 - aqt.updater - INFO - updater 3716 Patching C:\Qt\6.8.3\msvc2022_64\lib\Qt6QmlXmlListModel.prl
2026-05-08 04:19:17,820 - aqt.updater - INFO - updater 3716 Patching C:\Qt\6.8.3\msvc2022_64\lib\Qt6QmlXmlListModeld.prl
2026-05-08 04:19:17,820 - aqt.updater - INFO - updater 3716 Patching C:\Qt\6.8.3\msvc2022_64\lib\Qt6Quick.prl
2026-05-08 04:19:17,822 - aqt.updater - INFO - updater 3716 Patching C:\Qt\6.8.3\msvc2022_64\lib\Qt6QuickControls2.prl
2026-05-08 04:19:17,822 - aqt.updater - INFO - updater 3716 Patching C:\Qt\6.8.3\msvc2022_64\lib\Qt6QuickControls2Basic.prl
2026-05-08 04:19:17,824 - aqt.updater - INFO - updater 3716 Patching C:\Qt\6.8.3\msvc2022_64\lib\Qt6QuickControls2Basicd.prl
2026-05-08 04:19:17,824 - aqt.updater - INFO - updater 3716 Patching C:\Qt\6.8.3\msvc2022_64\lib\Qt6QuickControls2BasicStyleImpl.prl
2026-05-08 04:19:17,824 - aqt.updater - INFO - updater 3716 Patching C:\Qt\6.8.3\msvc2022_64\lib\Qt6QuickControls2BasicStyleImpld.prl
2026-05-08 04:19:17,824 - aqt.updater - INFO - updater 3716 Patching C:\Qt\6.8.3\msvc2022_64\lib\Qt6QuickControls2d.prl
2026-05-08 04:19:17,824 - aqt.updater - INFO - updater 3716 Patching C:\Qt\6.8.3\msvc2022_64\lib\Qt6QuickControls2FluentWinUI3StyleImpl.prl
2026-05-08 04:19:17,824 - aqt.updater - INFO - updater 3716 Patching C:\Qt\6.8.3\msvc2022_64\lib\Qt6QuickControls2FluentWinUI3StyleImpld.prl
2026-05-08 04:19:17,831 - aqt.updater - INFO - updater 3716 Patching C:\Qt\6.8.3\msvc2022_64\lib\Qt6QuickControls2Fusion.prl
2026-05-08 04:19:17,831 - aqt.updater - INFO - updater 3716 Patching C:\Qt\6.8.3\msvc2022_64\lib\Qt6QuickControls2Fusiond.prl
2026-05-08 04:19:17,832 - aqt.updater - INFO - updater 3716 Patching C:\Qt\6.8.3\msvc2022_64\lib\Qt6QuickControls2FusionStyleImpl.prl
2026-05-08 04:19:17,832 - aqt.updater - INFO - updater 3716 Patching C:\Qt\6.8.3\msvc2022_64\lib\Qt6QuickControls2FusionStyleImpld.prl
2026-05-08 04:19:17,832 - aqt.updater - INFO - updater 3716 Patching C:\Qt\6.8.3\msvc2022_64\lib\Qt6QuickControls2Imagine.prl
2026-05-08 04:19:17,832 - aqt.updater - INFO - updater 3716 Patching C:\Qt\6.8.3\msvc2022_64\lib\Qt6QuickControls2Imagined.prl
2026-05-08 04:19:17,832 - aqt.updater - INFO - updater 3716 Patching C:\Qt\6.8.3\msvc2022_64\lib\Qt6QuickControls2ImagineStyleImpl.prl
2026-05-08 04:19:17,832 - aqt.updater - INFO - updater 3716 Patching C:\Qt\6.8.3\msvc2022_64\lib\Qt6QuickControls2ImagineStyleImpld.prl
2026-05-08 04:19:17,832 - aqt.updater - INFO - updater 3716 Patching C:\Qt\6.8.3\msvc2022_64\lib\Qt6QuickControls2Impl.prl
2026-05-08 04:19:17,840 - aqt.updater - INFO - updater 3716 Patching C:\Qt\6.8.3\msvc2022_64\lib\Qt6QuickControls2Impld.prl
2026-05-08 04:19:17,840 - aqt.updater - INFO - updater 3716 Patching C:\Qt\6.8.3\msvc2022_64\lib\Qt6QuickControls2Material.prl
2026-05-08 04:19:17,840 - aqt.updater - INFO - updater 3716 Patching C:\Qt\6.8.3\msvc2022_64\lib\Qt6QuickControls2Materiald.prl
2026-05-08 04:19:17,840 - aqt.updater - INFO - updater 3716 Patching C:\Qt\6.8.3\msvc2022_64\lib\Qt6QuickControls2MaterialStyleImpl.prl
2026-05-08 04:19:17,840 - aqt.updater - INFO - updater 3716 Patching C:\Qt\6.8.3\msvc2022_64\lib\Qt6QuickControls2MaterialStyleImpld.prl
2026-05-08 04:19:17,840 - aqt.updater - INFO - updater 3716 Patching C:\Qt\6.8.3\msvc2022_64\lib\Qt6QuickControls2Universal.prl
2026-05-08 04:19:17,840 - aqt.updater - INFO - updater 3716 Patching C:\Qt\6.8.3\msvc2022_64\lib\Qt6QuickControls2Universald.prl
2026-05-08 04:19:17,847 - aqt.updater - INFO - updater 3716 Patching C:\Qt\6.8.3\msvc2022_64\lib\Qt6QuickControls2UniversalStyleImpl.prl
2026-05-08 04:19:17,849 - aqt.updater - INFO - updater 3716 Patching C:\Qt\6.8.3\msvc2022_64\lib\Qt6QuickControls2UniversalStyleImpld.prl
2026-05-08 04:19:17,849 - aqt.updater - INFO - updater 3716 Patching C:\Qt\6.8.3\msvc2022_64\lib\Qt6QuickControls2WindowsStyleImpl.prl
2026-05-08 04:19:17,851 - aqt.updater - INFO - updater 3716 Patching C:\Qt\6.8.3\msvc2022_64\lib\Qt6QuickControls2WindowsStyleImpld.prl
2026-05-08 04:19:17,851 - aqt.updater - INFO - updater 3716 Patching C:\Qt\6.8.3\msvc2022_64\lib\Qt6QuickControlsTestUtils.prl
2026-05-08 04:19:17,851 - aqt.updater - INFO - updater 3716 Patching C:\Qt\6.8.3\msvc2022_64\lib\Qt6QuickControlsTestUtilsd.prl
2026-05-08 04:19:17,851 - aqt.updater - INFO - updater 3716 Patching C:\Qt\6.8.3\msvc2022_64\lib\Qt6Quickd.prl
2026-05-08 04:19:17,851 - aqt.updater - INFO - updater 3716 Patching C:\Qt\6.8.3\msvc2022_64\lib\Qt6QuickDialogs2.prl
2026-05-08 04:19:17,851 - aqt.updater - INFO - updater 3716 Patching C:\Qt\6.8.3\msvc2022_64\lib\Qt6QuickDialogs2d.prl
2026-05-08 04:19:17,851 - aqt.updater - INFO - updater 3716 Patching C:\Qt\6.8.3\msvc2022_64\lib\Qt6QuickDialogs2QuickImpl.prl
2026-05-08 04:19:17,856 - aqt.updater - INFO - updater 3716 Patching C:\Qt\6.8.3\msvc2022_64\lib\Qt6QuickDialogs2QuickImpld.prl
2026-05-08 04:19:17,857 - aqt.updater - INFO - updater 3716 Patching C:\Qt\6.8.3\msvc2022_64\lib\Qt6QuickDialogs2Utils.prl
2026-05-08 04:19:17,857 - aqt.updater - INFO - updater 3716 Patching C:\Qt\6.8.3\msvc2022_64\lib\Qt6QuickDialogs2Utilsd.prl
2026-05-08 04:19:17,857 - aqt.updater - INFO - updater 3716 Patching C:\Qt\6.8.3\msvc2022_64\lib\Qt6QuickEffects.prl
2026-05-08 04:19:17,857 - aqt.updater - INFO - updater 3716 Patching C:\Qt\6.8.3\msvc2022_64\lib\Qt6QuickEffectsd.prl
2026-05-08 04:19:17,857 - aqt.updater - INFO - updater 3716 Patching C:\Qt\6.8.3\msvc2022_64\lib\Qt6QuickLayouts.prl
2026-05-08 04:19:17,857 - aqt.updater - INFO - updater 3716 Patching C:\Qt\6.8.3\msvc2022_64\lib\Qt6QuickLayoutsd.prl
2026-05-08 04:19:17,857 - aqt.updater - INFO - updater 3716 Patching C:\Qt\6.8.3\msvc2022_64\lib\Qt6QuickParticles.prl
2026-05-08 04:19:17,857 - aqt.updater - INFO - updater 3716 Patching C:\Qt\6.8.3\msvc2022_64\lib\Qt6QuickParticlesd.prl
2026-05-08 04:19:17,857 - aqt.updater - INFO - updater 3716 Patching C:\Qt\6.8.3\msvc2022_64\lib\Qt6QuickShapes.prl
2026-05-08 04:19:17,857 - aqt.updater - INFO - updater 3716 Patching C:\Qt\6.8.3\msvc2022_64\lib\Qt6QuickShapesd.prl
2026-05-08 04:19:17,857 - aqt.updater - INFO - updater 3716 Patching C:\Qt\6.8.3\msvc2022_64\lib\Qt6QuickTemplates2.prl
2026-05-08 04:19:17,865 - aqt.updater - INFO - updater 3716 Patching C:\Qt\6.8.3\msvc2022_64\lib\Qt6QuickTemplates2d.prl
2026-05-08 04:19:17,865 - aqt.updater - INFO - updater 3716 Patching C:\Qt\6.8.3\msvc2022_64\lib\Qt6QuickTest.prl
2026-05-08 04:19:17,865 - aqt.updater - INFO - updater 3716 Patching C:\Qt\6.8.3\msvc2022_64\lib\Qt6QuickTestd.prl
2026-05-08 04:19:17,865 - aqt.updater - INFO - updater 3716 Patching C:\Qt\6.8.3\msvc2022_64\lib\Qt6QuickTestUtils.prl
2026-05-08 04:19:17,865 - aqt.updater - INFO - updater 3716 Patching C:\Qt\6.8.3\msvc2022_64\lib\Qt6QuickTestUtilsd.prl
2026-05-08 04:19:17,865 - aqt.updater - INFO - updater 3716 Patching C:\Qt\6.8.3\msvc2022_64\lib\Qt6QuickVectorImage.prl
2026-05-08 04:19:17,865 - aqt.updater - INFO - updater 3716 Patching C:\Qt\6.8.3\msvc2022_64\lib\Qt6QuickVectorImaged.prl
2026-05-08 04:19:17,865 - aqt.updater - INFO - updater 3716 Patching C:\Qt\6.8.3\msvc2022_64\lib\Qt6QuickVectorImageGenerator.prl
2026-05-08 04:19:17,865 - aqt.updater - INFO - updater 3716 Patching C:\Qt\6.8.3\msvc2022_64\lib\Qt6QuickVectorImageGeneratord.prl
2026-05-08 04:19:17,873 - aqt.updater - INFO - updater 3716 Patching C:\Qt\6.8.3\msvc2022_64\lib\Qt6QuickWidgets.prl
2026-05-08 04:19:17,873 - aqt.updater - INFO - updater 3716 Patching C:\Qt\6.8.3\msvc2022_64\lib\Qt6QuickWidgetsd.prl
2026-05-08 04:19:17,873 - aqt.updater - INFO - updater 3716 Patching C:\Qt\6.8.3\msvc2022_64\lib\Qt6Sql.prl
2026-05-08 04:19:17,873 - aqt.updater - INFO - updater 3716 Patching C:\Qt\6.8.3\msvc2022_64\lib\Qt6Sqld.prl
2026-05-08 04:19:17,873 - aqt.updater - INFO - updater 3716 Patching C:\Qt\6.8.3\msvc2022_64\lib\Qt6Svg.prl
2026-05-08 04:19:17,873 - aqt.updater - INFO - updater 3716 Patching C:\Qt\6.8.3\msvc2022_64\lib\Qt6Svgd.prl
2026-05-08 04:19:17,873 - aqt.updater - INFO - updater 3716 Patching C:\Qt\6.8.3\msvc2022_64\lib\Qt6SvgWidgets.prl
2026-05-08 04:19:17,873 - aqt.updater - INFO - updater 3716 Patching C:\Qt\6.8.3\msvc2022_64\lib\Qt6SvgWidgetsd.prl
2026-05-08 04:19:17,873 - aqt.updater - INFO - updater 3716 Patching C:\Qt\6.8.3\msvc2022_64\lib\Qt6Test.prl
2026-05-08 04:19:17,873 - aqt.updater - INFO - updater 3716 Patching C:\Qt\6.8.3\msvc2022_64\lib\Qt6Testd.prl
2026-05-08 04:19:17,873 - aqt.updater - INFO - updater 3716 Patching C:\Qt\6.8.3\msvc2022_64\lib\Qt6UiTools.prl
2026-05-08 04:19:17,873 - aqt.updater - INFO - updater 3716 Patching C:\Qt\6.8.3\msvc2022_64\lib\Qt6UiToolsd.prl
2026-05-08 04:19:17,882 - aqt.updater - INFO - updater 3716 Patching C:\Qt\6.8.3\msvc2022_64\lib\Qt6Widgets.prl
2026-05-08 04:19:17,882 - aqt.updater - INFO - updater 3716 Patching C:\Qt\6.8.3\msvc2022_64\lib\Qt6Widgetsd.prl
2026-05-08 04:19:17,882 - aqt.updater - INFO - updater 3716 Patching C:\Qt\6.8.3\msvc2022_64\lib\Qt6Xml.prl
2026-05-08 04:19:17,882 - aqt.updater - INFO - updater 3716 Patching C:\Qt\6.8.3\msvc2022_64\lib\Qt6Xmld.prl
2026-05-08 04:19:17,937 - aqt.main - INFO - installer 3716 Finished installation
2026-05-08 04:19:17,937 - aqt.main - INFO - installer 3716 Time elapsed: 462.87247430 second
